#
# There is insufficient memory for the Java Runtime Environment to continue.
# Native memory allocation (malloc) failed to allocate 1254576 bytes for Chunk::new
# Possible reasons:
#   The system is out of physical RAM or swap space
#   In 32 bit mode, the process size limit was hit
# Possible solutions:
#   Reduce memory load on the system
#   Increase physical memory or swap space
#   Check if swap backing store is full
#   Use 64 bit Java on a 64 bit OS
#   Decrease Java heap size (-Xmx/-Xms)
#   Decrease number of Java threads
#   Decrease Java thread stack sizes (-Xss)
#   Set larger code cache with -XX:ReservedCodeCacheSize=
# This output file may be truncated or incomplete.
#
#  Out of Memory Error (allocation.cpp:390), pid=15200, tid=0x0000000000001a48
#
# JRE version: Java(TM) SE Runtime Environment (8.0_121-b13) (build 1.8.0_121-b13)
# Java VM: Java HotSpot(TM) 64-Bit Server VM (25.121-b13 mixed mode windows-amd64 compressed oops)
# Failed to write core dump. Minidumps are not enabled by default on client versions of Windows
#

---------------  T H R E A D  ---------------

Current thread (0x000000001734a000):  JavaThread "C2 CompilerThread0" daemon [_thread_in_native, id=6728, stack(0x0000000018c40000,0x0000000018d40000)]

Stack: [0x0000000018c40000,0x0000000018d40000]
[error occurred during error reporting (printing stack bounds), id 0xc0000005]

Native frames: (J=compiled Java code, j=interpreted, Vv=VM code, C=native code)


Current CompileTask:
C2:   2873 2552 %     4       com.sun.tools.javac.file.ZipFileIndex$ZipDirectory::readEntry @ 102 (587 bytes)


---------------  P R O C E S S  ---------------

Java Threads: ( => current thread )
  0x0000000018741800 JavaThread "Monitor Ctrl-Break" daemon [_thread_in_native, id=11204, stack(0x00000000191f0000,0x00000000192f0000)]
  0x00000000186bf800 JavaThread "Service Thread" daemon [_thread_blocked, id=11808, stack(0x0000000018f40000,0x0000000019040000)]
  0x000000001864e800 JavaThread "C1 CompilerThread2" daemon [_thread_blocked, id=15140, stack(0x0000000018e40000,0x0000000018f40000)]
  0x000000001734d000 JavaThread "C2 CompilerThread1" daemon [_thread_in_native, id=5336, stack(0x0000000018d40000,0x0000000018e40000)]
=>0x000000001734a000 JavaThread "C2 CompilerThread0" daemon [_thread_in_native, id=6728, stack(0x0000000018c40000,0x0000000018d40000)]
  0x00000000172fc800 JavaThread "Attach Listener" daemon [_thread_blocked, id=9308, stack(0x0000000018b40000,0x0000000018c40000)]
  0x0000000017349800 JavaThread "Signal Dispatcher" daemon [_thread_blocked, id=9000, stack(0x0000000018a40000,0x0000000018b40000)]
  0x00000000027aa800 JavaThread "Finalizer" daemon [_thread_blocked, id=8648, stack(0x0000000018540000,0x0000000018640000)]
  0x00000000172b9000 JavaThread "Reference Handler" daemon [_thread_blocked, id=2460, stack(0x0000000018440000,0x0000000018540000)]
  0x00000000026b0800 JavaThread "main" [_thread_in_vm, id=12908, stack(0x00000000024d0000,0x00000000025d0000)]

Other Threads:
  0x00000000172b6000 VMThread [stack: 0x0000000018340000,0x0000000018440000] [id=2568]
  0x0000000018726800 WatcherThread [stack: 0x0000000019040000,0x0000000019140000] [id=12596]

VM state:not at safepoint (normal execution)

VM Mutex/Monitor currently owned by a thread: None

Heap:
 PSYoungGen      total 71680K, used 56033K [0x00000000d5e00000, 0x00000000da900000, 0x0000000100000000)
  eden space 66560K, 76% used [0x00000000d5e00000,0x00000000d8fbe670,0x00000000d9f00000)
  from space 5120K, 99% used [0x00000000da400000,0x00000000da8fa020,0x00000000da900000)
  to   space 5120K, 0% used [0x00000000d9f00000,0x00000000d9f00000,0x00000000da400000)
 ParOldGen       total 87552K, used 4876K [0x0000000081a00000, 0x0000000086f80000, 0x00000000d5e00000)
  object space 87552K, 5% used [0x0000000081a00000,0x0000000081ec30d0,0x0000000086f80000)
 Metaspace       used 18139K, capacity 18648K, committed 18816K, reserved 1064960K
  class space    used 2191K, capacity 2311K, committed 2432K, reserved 1048576K

Card table byte_map: [0x0000000011b70000,0x0000000011f70000] byte_map_base: 0x0000000011763000

Marking Bits: (ParMarkBitMap*) 0x00000000545db6d0
 Begin Bits: [0x0000000012620000, 0x00000000145b8000)
 End Bits:   [0x00000000145b8000, 0x0000000016550000)

Polling page: 0x00000000001d0000

CodeCache: size=245760Kb used=9560Kb max_used=9560Kb free=236199Kb
 bounds [0x00000000027b0000, 0x0000000003110000, 0x00000000117b0000]
 total_blobs=3050 nmethods=2689 adapters=273
 compilation: enabled

Compilation events (10 events):
Event: 2.868 Thread 0x000000001864e800 nmethod 2699 0x0000000003104f10 code [0x00000000031050a0, 0x0000000003105438]
Event: 2.869 Thread 0x000000001864e800 2701       2       com.sun.tools.javac.jvm.ClassReader::nextInt (93 bytes)
Event: 2.869 Thread 0x000000001864e800 nmethod 2701 0x0000000003105610 code [0x0000000003105780, 0x0000000003105990]
Event: 2.869 Thread 0x000000001864e800 2705       2       com.sun.tools.javac.util.Names::fromUtf (11 bytes)
Event: 2.869 Thread 0x000000001864e800 nmethod 2705 0x0000000003105ad0 code [0x0000000003105c40, 0x0000000003105dc8]
Event: 2.869 Thread 0x000000001864e800 2706       2       com.sun.tools.javac.jvm.ClassReader::readPool (504 bytes)
Event: 2.871 Thread 0x000000001864e800 nmethod 2706 0x0000000003105e90 code [0x00000000031062a0, 0x0000000003107ee8]
Event: 2.871 Thread 0x000000001864e800 2707       2       com.sun.tools.javac.jvm.ClassReader::readName (55 bytes)
Event: 2.871 Thread 0x000000001864e800 nmethod 2707 0x000000000310a210 code [0x000000000310a400, 0x000000000310aab8]
Event: 2.871 Thread 0x000000001864e800 2703       2       com.sun.tools.javac.jvm.ClassReader::readType (26 bytes)

GC Heap History (8 events):
Event: 0.556 GC heap before
{Heap before GC invocations=1 (full 0):
 PSYoungGen      total 38400K, used 33280K [0x00000000d5e00000, 0x00000000d8880000, 0x0000000100000000)
  eden space 33280K, 100% used [0x00000000d5e00000,0x00000000d7e80000,0x00000000d7e80000)
  from space 5120K, 0% used [0x00000000d8380000,0x00000000d8380000,0x00000000d8880000)
  to   space 5120K, 0% used [0x00000000d7e80000,0x00000000d7e80000,0x00000000d8380000)
 ParOldGen       total 87552K, used 0K [0x0000000081a00000, 0x0000000086f80000, 0x00000000d5e00000)
  object space 87552K, 0% used [0x0000000081a00000,0x0000000081a00000,0x0000000086f80000)
 Metaspace       used 7932K, capacity 8138K, committed 8320K, reserved 1056768K
  class space    used 986K, capacity 1053K, committed 1152K, reserved 1048576K
Event: 0.561 GC heap after
Heap after GC invocations=1 (full 0):
 PSYoungGen      total 38400K, used 4669K [0x00000000d5e00000, 0x00000000d8880000, 0x0000000100000000)
  eden space 33280K, 0% used [0x00000000d5e00000,0x00000000d5e00000,0x00000000d7e80000)
  from space 5120K, 91% used [0x00000000d7e80000,0x00000000d830f508,0x00000000d8380000)
  to   space 5120K, 0% used [0x00000000d8380000,0x00000000d8380000,0x00000000d8880000)
 ParOldGen       total 87552K, used 8K [0x0000000081a00000, 0x0000000086f80000, 0x00000000d5e00000)
  object space 87552K, 0% used [0x0000000081a00000,0x0000000081a02000,0x0000000086f80000)
 Metaspace       used 7932K, capacity 8138K, committed 8320K, reserved 1056768K
  class space    used 986K, capacity 1053K, committed 1152K, reserved 1048576K
}
Event: 1.133 GC heap before
{Heap before GC invocations=2 (full 0):
 PSYoungGen      total 38400K, used 37949K [0x00000000d5e00000, 0x00000000d8880000, 0x0000000100000000)
  eden space 33280K, 100% used [0x00000000d5e00000,0x00000000d7e80000,0x00000000d7e80000)
  from space 5120K, 91% used [0x00000000d7e80000,0x00000000d830f508,0x00000000d8380000)
  to   space 5120K, 0% used [0x00000000d8380000,0x00000000d8380000,0x00000000d8880000)
 ParOldGen       total 87552K, used 8K [0x0000000081a00000, 0x0000000086f80000, 0x00000000d5e00000)
  object space 87552K, 0% used [0x0000000081a00000,0x0000000081a02000,0x0000000086f80000)
 Metaspace       used 12499K, capacity 12710K, committed 12928K, reserved 1060864K
  class space    used 1525K, capacity 1574K, committed 1664K, reserved 1048576K
Event: 1.141 GC heap after
Heap after GC invocations=2 (full 0):
 PSYoungGen      total 38400K, used 5090K [0x00000000d5e00000, 0x00000000da900000, 0x0000000100000000)
  eden space 33280K, 0% used [0x00000000d5e00000,0x00000000d5e00000,0x00000000d7e80000)
  from space 5120K, 99% used [0x00000000d8380000,0x00000000d8878b38,0x00000000d8880000)
  to   space 5120K, 0% used [0x00000000d7e80000,0x00000000d7e80000,0x00000000d8380000)
 ParOldGen       total 87552K, used 2247K [0x0000000081a00000, 0x0000000086f80000, 0x00000000d5e00000)
  object space 87552K, 2% used [0x0000000081a00000,0x0000000081c31cd0,0x0000000086f80000)
 Metaspace       used 12499K, capacity 12710K, committed 12928K, reserved 1060864K
  class space    used 1525K, capacity 1574K, committed 1664K, reserved 1048576K
}
Event: 1.652 GC heap before
{Heap before GC invocations=3 (full 0):
 PSYoungGen      total 38400K, used 38370K [0x00000000d5e00000, 0x00000000da900000, 0x0000000100000000)
  eden space 33280K, 100% used [0x00000000d5e00000,0x00000000d7e80000,0x00000000d7e80000)
  from space 5120K, 99% used [0x00000000d8380000,0x00000000d8878b38,0x00000000d8880000)
  to   space 5120K, 0% used [0x00000000d7e80000,0x00000000d7e80000,0x00000000d8380000)
 ParOldGen       total 87552K, used 2247K [0x0000000081a00000, 0x0000000086f80000, 0x00000000d5e00000)
  object space 87552K, 2% used [0x0000000081a00000,0x0000000081c31cd0,0x0000000086f80000)
 Metaspace       used 12907K, capacity 13200K, committed 13440K, reserved 1060864K
  class space    used 1548K, capacity 1645K, committed 1664K, reserved 1048576K
Event: 1.659 GC heap after
Heap after GC invocations=3 (full 0):
 PSYoungGen      total 38400K, used 5096K [0x00000000d5e00000, 0x00000000da900000, 0x0000000100000000)
  eden space 33280K, 0% used [0x00000000d5e00000,0x00000000d5e00000,0x00000000d7e80000)
  from space 5120K, 99% used [0x00000000d7e80000,0x00000000d837a040,0x00000000d8380000)
  to   space 5120K, 0% used [0x00000000da400000,0x00000000da400000,0x00000000da900000)
 ParOldGen       total 87552K, used 3224K [0x0000000081a00000, 0x0000000086f80000, 0x00000000d5e00000)
  object space 87552K, 3% used [0x0000000081a00000,0x0000000081d260d0,0x0000000086f80000)
 Metaspace       used 12907K, capacity 13200K, committed 13440K, reserved 1060864K
  class space    used 1548K, capacity 1645K, committed 1664K, reserved 1048576K
}
Event: 2.100 GC heap before
{Heap before GC invocations=4 (full 0):
 PSYoungGen      total 38400K, used 38376K [0x00000000d5e00000, 0x00000000da900000, 0x0000000100000000)
  eden space 33280K, 100% used [0x00000000d5e00000,0x00000000d7e80000,0x00000000d7e80000)
  from space 5120K, 99% used [0x00000000d7e80000,0x00000000d837a040,0x00000000d8380000)
  to   space 5120K, 0% used [0x00000000da400000,0x00000000da400000,0x00000000da900000)
 ParOldGen       total 87552K, used 3224K [0x0000000081a00000, 0x0000000086f80000, 0x00000000d5e00000)
  object space 87552K, 3% used [0x0000000081a00000,0x0000000081d260d0,0x0000000086f80000)
 Metaspace       used 13309K, capacity 13616K, committed 13696K, reserved 1060864K
  class space    used 1574K, capacity 1651K, committed 1664K, reserved 1048576K
Event: 2.109 GC heap after
Heap after GC invocations=4 (full 0):
 PSYoungGen      total 71680K, used 5096K [0x00000000d5e00000, 0x00000000da900000, 0x0000000100000000)
  eden space 66560K, 0% used [0x00000000d5e00000,0x00000000d5e00000,0x00000000d9f00000)
  from space 5120K, 99% used [0x00000000da400000,0x00000000da8fa020,0x00000000da900000)
  to   space 5120K, 0% used [0x00000000d9f00000,0x00000000d9f00000,0x00000000da400000)
 ParOldGen       total 87552K, used 4876K [0x0000000081a00000, 0x0000000086f80000, 0x00000000d5e00000)
  object space 87552K, 5% used [0x0000000081a00000,0x0000000081ec30d0,0x0000000086f80000)
 Metaspace       used 13309K, capacity 13616K, committed 13696K, reserved 1060864K
  class space    used 1574K, capacity 1651K, committed 1664K, reserved 1048576K
}

Deoptimization events (10 events):
Event: 2.617 Thread 0x00000000026b0800 Uncommon trap: reason=bimorphic action=maybe_recompile pc=0x0000000002e07888 method=java.util.regex.Matcher.match(II)Z @ 86
Event: 2.617 Thread 0x00000000026b0800 Uncommon trap: reason=bimorphic action=maybe_recompile pc=0x0000000002e39270 method=java.util.regex.Pattern$Curly.match0(Ljava/util/regex/Matcher;IILjava/lang/CharSequence;)Z @ 170
Event: 2.617 Thread 0x00000000026b0800 Uncommon trap: reason=bimorphic action=maybe_recompile pc=0x0000000002e39270 method=java.util.regex.Pattern$Curly.match0(Ljava/util/regex/Matcher;IILjava/lang/CharSequence;)Z @ 170
Event: 2.617 Thread 0x00000000026b0800 Uncommon trap: reason=bimorphic action=maybe_recompile pc=0x0000000002e39270 method=java.util.regex.Pattern$Curly.match0(Ljava/util/regex/Matcher;IILjava/lang/CharSequence;)Z @ 170
Event: 2.631 Thread 0x00000000026b0800 Uncommon trap: reason=unstable_if action=reinterpret pc=0x0000000002c5c460 method=java.lang.Character.isSurrogate(C)Z @ 3
Event: 2.634 Thread 0x00000000026b0800 Uncommon trap: reason=unstable_if action=reinterpret pc=0x0000000002e08cf4 method=java.lang.Integer.valueOf(I)Ljava/lang/Integer; @ 10
Event: 2.649 Thread 0x00000000026b0800 Uncommon trap: reason=unstable_if action=reinterpret pc=0x0000000002c480ac method=java.lang.Character.isSurrogate(C)Z @ 3
Event: 2.649 Thread 0x00000000026b0800 Uncommon trap: reason=unstable_if action=reinterpret pc=0x00000000028ed000 method=java.lang.CharacterData.of(I)Ljava/lang/CharacterData; @ 4
Event: 2.672 Thread 0x00000000026b0800 Uncommon trap: reason=unstable_if action=reinterpret pc=0x0000000003055b74 method=java.util.jar.Attributes$Name.isDigit(C)Z @ 3
Event: 2.738 Thread 0x00000000026b0800 Uncommon trap: reason=unstable_if action=reinterpret pc=0x0000000003044590 method=java.io.WinNTFileSystem.normalize(Ljava/lang/String;)Ljava/lang/String; @ 128

Internal exceptions (10 events):
Event: 0.624 Thread 0x00000000026b0800 Exception <a 'java/lang/NoClassDefFoundError': org/slf4j/LoggerFactory> (0x00000000d628c4c0) thrown at [C:\re\workspace\8-2-build-windows-amd64-cygwin\jdk8u121\8372\hotspot\src\share\vm\classfile\systemDictionary.cpp, line 199]
Event: 0.624 Thread 0x00000000026b0800 Exception <a 'java/lang/NoClassDefFoundError'> (0x00000000d628c4c0) thrown at [C:\re\workspace\8-2-build-windows-amd64-cygwin\jdk8u121\8372\hotspot\src\share\vm\oops\instanceKlass.cpp, line 964]
Event: 1.101 Thread 0x00000000026b0800 Implicit null exception at 0x0000000002b63195 to 0x0000000002b6336d
Event: 1.101 Thread 0x00000000026b0800 Implicit null exception at 0x0000000002b388af to 0x0000000002b38919
Event: 1.177 Thread 0x00000000026b0800 Implicit null exception at 0x0000000002c9816c to 0x0000000002c983fd
Event: 1.826 Thread 0x00000000026b0800 Implicit null exception at 0x0000000002b362fb to 0x0000000002b36a35
Event: 2.131 Thread 0x00000000026b0800 Exception <a 'java/lang/NoClassDefFoundError': org/slf4j/Logger> (0x00000000d5f3abd0) thrown at [C:\re\workspace\8-2-build-windows-amd64-cygwin\jdk8u121\8372\hotspot\src\share\vm\oops\constantPool.cpp, line 235]
Event: 2.257 Thread 0x00000000026b0800 Exception <a 'java/lang/NoClassDefFoundError': org/slf4j/Logger> (0x00000000d67bcdb8) thrown at [C:\re\workspace\8-2-build-windows-amd64-cygwin\jdk8u121\8372\hotspot\src\share\vm\oops\constantPool.cpp, line 235]
Event: 2.721 Thread 0x00000000026b0800 Exception <a 'java/io/FileNotFoundException'> (0x00000000d8001d28) thrown at [C:\re\workspace\8-2-build-windows-amd64-cygwin\jdk8u121\8372\hotspot\src\share\vm\prims\jni.cpp, line 709]
Event: 2.725 Thread 0x00000000026b0800 Exception <a 'java/io/FileNotFoundException'> (0x00000000d8035268) thrown at [C:\re\workspace\8-2-build-windows-amd64-cygwin\jdk8u121\8372\hotspot\src\share\vm\prims\jni.cpp, line 709]

Events (10 events):
Event: 2.738 Thread 0x00000000026b0800 DEOPT PACKING pc=0x0000000003044590 sp=0x00000000025cc4a0
Event: 2.738 Thread 0x00000000026b0800 DEOPT UNPACKING pc=0x00000000027f582a sp=0x00000000025cc4c0 mode 2
Event: 2.744 Thread 0x00000000026b0800 DEOPT PACKING pc=0x00000000030b6ed4 sp=0x00000000025cc290
Event: 2.744 Thread 0x00000000026b0800 DEOPT UNPACKING pc=0x00000000027f787f sp=0x00000000025cbfd0 mode 0
Event: 2.794 loading class javax/lang/model/SourceVersion
Event: 2.794 loading class javax/lang/model/SourceVersion done
Event: 2.842 Thread 0x00000000026b0800 DEOPT PACKING pc=0x00000000030dd02a sp=0x00000000025cbe50
Event: 2.842 Thread 0x00000000026b0800 DEOPT UNPACKING pc=0x00000000027f787f sp=0x00000000025cbbd8 mode 0
Event: 2.843 Thread 0x00000000026b0800 DEOPT PACKING pc=0x00000000030dd809 sp=0x00000000025cbdd0
Event: 2.843 Thread 0x00000000026b0800 DEOPT UNPACKING pc=0x00000000027f787f sp=0x00000000025cbb28 mode 0


Dynamic libraries:
0x00007ff6e0f90000 - 0x00007ff6e0fc7000 	C:\jdk1.8.0_121\bin\java.exe
0x00007ff97b290000 - 0x00007ff97b461000 	C:\WINDOWS\SYSTEM32\ntdll.dll
0x00007ff97ad20000 - 0x00007ff97adcb000 	C:\WINDOWS\System32\KERNEL32.DLL
0x00007ff978570000 - 0x00007ff97878d000 	C:\WINDOWS\System32\KERNELBASE.dll
0x00007ff97aed0000 - 0x00007ff97af72000 	C:\WINDOWS\System32\ADVAPI32.dll
0x00007ff97ae30000 - 0x00007ff97aece000 	C:\WINDOWS\System32\msvcrt.dll
0x00007ff9789f0000 - 0x00007ff978a49000 	C:\WINDOWS\System32\sechost.dll
0x00007ff978bd0000 - 0x00007ff978cf1000 	C:\WINDOWS\System32\RPCRT4.dll
0x00007ff97aa40000 - 0x00007ff97aba5000 	C:\WINDOWS\System32\USER32.dll
0x00007ff978360000 - 0x00007ff97837e000 	C:\WINDOWS\System32\win32u.dll
0x00007ff9789b0000 - 0x00007ff9789e4000 	C:\WINDOWS\System32\GDI32.dll
0x00007ff9783e0000 - 0x00007ff978562000 	C:\WINDOWS\System32\gdi32full.dll
0x00007ff96cb00000 - 0x00007ff96cd79000 	C:\WINDOWS\WinSxS\amd64_microsoft.windows.common-controls_6595b64144ccf1df_6.0.14393.0_none_2d0f50fcbdb171b8\COMCTL32.dll
0x00007ff97afa0000 - 0x00007ff97b267000 	C:\WINDOWS\System32\combase.dll
0x00007ff977800000 - 0x00007ff9778f5000 	C:\WINDOWS\System32\ucrtbase.dll
0x00007ff978790000 - 0x00007ff9787fa000 	C:\WINDOWS\System32\bcryptPrimitives.dll
0x00007ff97a280000 - 0x00007ff97a2ae000 	C:\WINDOWS\System32\IMM32.DLL
0x0000000054660000 - 0x0000000054732000 	C:\jdk1.8.0_121\jre\bin\msvcr100.dll
0x0000000053dc0000 - 0x000000005465b000 	C:\jdk1.8.0_121\jre\bin\server\jvm.dll
0x00007ff97ac10000 - 0x00007ff97ac18000 	C:\WINDOWS\System32\PSAPI.DLL
0x00007ff96fd30000 - 0x00007ff96fd39000 	C:\WINDOWS\SYSTEM32\WSOCK32.dll
0x00007ff978a50000 - 0x00007ff978aba000 	C:\WINDOWS\System32\WS2_32.dll
0x00007ff975b60000 - 0x00007ff975b83000 	C:\WINDOWS\SYSTEM32\WINMM.dll
0x00007ff9679b0000 - 0x00007ff9679ba000 	C:\WINDOWS\SYSTEM32\VERSION.dll
0x0000000000bb0000 - 0x0000000000bdb000 	C:\WINDOWS\SYSTEM32\WINMMBASE.dll
0x00007ff978260000 - 0x00007ff9782a2000 	C:\WINDOWS\System32\cfgmgr32.dll
0x0000000053db0000 - 0x0000000053dbf000 	C:\jdk1.8.0_121\jre\bin\verify.dll
0x0000000053d80000 - 0x0000000053da9000 	C:\jdk1.8.0_121\jre\bin\java.dll
0x0000000053d60000 - 0x0000000053d76000 	C:\jdk1.8.0_121\jre\bin\zip.dll
0x00007ff978d00000 - 0x00007ff97a208000 	C:\WINDOWS\System32\SHELL32.dll
0x00007ff977900000 - 0x00007ff977fda000 	C:\WINDOWS\System32\windows.storage.dll
0x00007ff9777a0000 - 0x00007ff9777ec000 	C:\WINDOWS\System32\powrprof.dll
0x00007ff97abb0000 - 0x00007ff97ac02000 	C:\WINDOWS\System32\shlwapi.dll
0x00007ff9777f0000 - 0x00007ff9777ff000 	C:\WINDOWS\System32\kernel.appcore.dll
0x00007ff9782b0000 - 0x00007ff978359000 	C:\WINDOWS\System32\shcore.dll
0x00007ff977770000 - 0x00007ff977784000 	C:\WINDOWS\System32\profapi.dll
0x00007ff96e2c0000 - 0x00007ff96e2d0000 	C:\Program Files (x86)\JetBrains\IntelliJ IDEA 2016.1\bin\breakgen64.dll
0x0000000053d40000 - 0x0000000053d5a000 	C:\jdk1.8.0_121\jre\bin\net.dll
0x00007ff977040000 - 0x00007ff97709c000 	C:\WINDOWS\system32\mswsock.dll
0x0000000053d20000 - 0x0000000053d31000 	C:\jdk1.8.0_121\jre\bin\nio.dll

VM Arguments:
jvm_args: -Dmaven.home=C:\Program Files (x86)\JetBrains\IntelliJ IDEA 2016.1\plugins\maven\lib\maven3 -Dclassworlds.conf=C:\Program Files (x86)\JetBrains\IntelliJ IDEA 2016.1\plugins\maven\lib\maven3\bin\m2.conf -Didea.launcher.port=7532 -Didea.launcher.bin.path=C:\Program Files (x86)\JetBrains\IntelliJ IDEA 2016.1\bin -Dfile.encoding=UTF-8 
java_command: com.intellij.rt.execution.application.AppMain org.codehaus.classworlds.Launcher -Didea.version=2016.1 -DskipTests=true package
java_class_path (initial): C:\Program Files (x86)\JetBrains\IntelliJ IDEA 2016.1\plugins\maven\lib\maven3\boot\plexus-classworlds-2.4.jar;C:\Program Files (x86)\JetBrains\IntelliJ IDEA 2016.1\lib\idea_rt.jar
Launcher Type: SUN_STANDARD

Environment Variables:
JAVA_HOME=C:\jdk1.8.0_121
CLASSPATH=C:\jdk1.8.0_121\lib
PATH=C:\WINDOWS\system32;C:\WINDOWS;C:\WINDOWS\System32\Wbem;C:\WINDOWS\System32\WindowsPowerShell\v1.0\;C:\jdk1.8.0_121\bin;\jdk1.8.0_121\jre;C:\apache-maven-3.3.9\bin;C:\apache-maven-3.3.9\bin;C:\Program Files\Git\cmd;C:\Users\qian.chen\AppData\Local\Microsoft\WindowsApps;;C:\Users\qian.chen\AppData\Local\Programs\Microsoft VS Code\bin
USERNAME=qian.chen
OS=Windows_NT
PROCESSOR_IDENTIFIER=Intel64 Family 6 Model 60 Stepping 3, GenuineIntel



---------------  S Y S T E M  ---------------

OS: Windows 10.0 , 64 bit Build 14393 (10.0.14393.0)

CPU:total 4 (4 cores per cpu, 1 threads per core) family 6 model 60 stepping 3, cmov, cx8, fxsr, mmx, sse, sse2, sse3, ssse3, sse4.1, sse4.2, popcnt, avx, avx2, aes, clmul, erms, lzcnt, tsc, tscinvbit, bmi1, bmi2

Memory: 4k page, physical 8281588k(2250868k free), swap 10378740k(6004k free)

vm_info: Java HotSpot(TM) 64-Bit Server VM (25.121-b13) for windows-amd64 JRE (1.8.0_121-b13), built on Dec 12 2016 18:21:36 by "java_re" with MS VC++ 10.0 (VS2010)

time: Thu Apr 18 17:00:30 2019
elapsed time: 2 seconds (0d 0h 0m 2s)

