#
# There is insufficient memory for the Java Runtime Environment to continue.
# Native memory allocation (malloc) failed to allocate 865232 bytes for Chunk::new
# Possible reasons:
#   The system is out of physical RAM or swap space
#   In 32 bit mode, the process size limit was hit
# Possible solutions:
#   Reduce memory load on the system
#   Increase physical memory or swap space
#   Check if swap backing store is full
#   Use 64 bit Java on a 64 bit OS
#   Decrease Java heap size (-Xmx/-Xms)
#   Decrease number of Java threads
#   Decrease Java thread stack sizes (-Xss)
#   Set larger code cache with -XX:ReservedCodeCacheSize=
# This output file may be truncated or incomplete.
#
#  Out of Memory Error (allocation.cpp:390), pid=14996, tid=0x0000000000002d74
#
# JRE version: Java(TM) SE Runtime Environment (8.0_121-b13) (build 1.8.0_121-b13)
# Java VM: Java HotSpot(TM) 64-Bit Server VM (25.121-b13 mixed mode windows-amd64 compressed oops)
# Failed to write core dump. Minidumps are not enabled by default on client versions of Windows
#

---------------  T H R E A D  ---------------

Current thread (0x0000000019389000):  JavaThread "C2 CompilerThread1" daemon [_thread_in_native, id=11636, stack(0x0000000019a80000,0x0000000019b80000)]

Stack: [0x0000000019a80000,0x0000000019b80000]
[error occurred during error reporting (printing stack bounds), id 0xc0000005]

Native frames: (J=compiled Java code, j=interpreted, Vv=VM code, C=native code)


Current CompileTask:
C2:   1941 2120       4       java.net.URLClassLoader$1::run (5 bytes)


---------------  P R O C E S S  ---------------

Java Threads: ( => current thread )
  0x000000001940d800 JavaThread "Service Thread" daemon [_thread_blocked, id=9088, stack(0x0000000019c80000,0x0000000019d80000)]
  0x000000001938f800 JavaThread "C1 CompilerThread2" daemon [_thread_blocked, id=6480, stack(0x0000000019b80000,0x0000000019c80000)]
=>0x0000000019389000 JavaThread "C2 CompilerThread1" daemon [_thread_in_native, id=11636, stack(0x0000000019a80000,0x0000000019b80000)]
  0x000000001808b800 JavaThread "C2 CompilerThread0" daemon [_thread_in_native, id=11404, stack(0x0000000019980000,0x0000000019a80000)]
  0x000000001808a800 JavaThread "Attach Listener" daemon [_thread_blocked, id=10384, stack(0x0000000019880000,0x0000000019980000)]
  0x0000000019388800 JavaThread "Signal Dispatcher" daemon [_thread_blocked, id=13700, stack(0x0000000019780000,0x0000000019880000)]
  0x000000001801a800 JavaThread "Finalizer" daemon [_thread_blocked, id=10332, stack(0x0000000019280000,0x0000000019380000)]
  0x00000000034e3000 JavaThread "Reference Handler" daemon [_thread_blocked, id=14736, stack(0x0000000019180000,0x0000000019280000)]
  0x00000000033f0800 JavaThread "main" [_thread_in_native, id=11712, stack(0x0000000003250000,0x0000000003350000)]

Other Threads:
  0x0000000017ff7800 VMThread [stack: 0x0000000019080000,0x0000000019180000] [id=4140]
  0x0000000019458000 WatcherThread [stack: 0x0000000019d80000,0x0000000019e80000] [id=14460]

VM state:not at safepoint (normal execution)

VM Mutex/Monitor currently owned by a thread: None

Heap:
 PSYoungGen      total 38400K, used 9543K [0x00000000d5e00000, 0x00000000da900000, 0x0000000100000000)
  eden space 33280K, 13% used [0x00000000d5e00000,0x00000000d6259c20,0x00000000d7e80000)
  from space 5120K, 99% used [0x00000000d7e80000,0x00000000d8378030,0x00000000d8380000)
  to   space 5120K, 0% used [0x00000000da400000,0x00000000da400000,0x00000000da900000)
 ParOldGen       total 87552K, used 7577K [0x0000000081a00000, 0x0000000086f80000, 0x00000000d5e00000)
  object space 87552K, 8% used [0x0000000081a00000,0x0000000082166548,0x0000000086f80000)
 Metaspace       used 19474K, capacity 19814K, committed 19968K, reserved 1067008K
  class space    used 2397K, capacity 2535K, committed 2560K, reserved 1048576K

Card table byte_map: [0x00000000128b0000,0x0000000012cb0000] byte_map_base: 0x00000000124a3000

Marking Bits: (ParMarkBitMap*) 0x00000000545db6d0
 Begin Bits: [0x0000000013360000, 0x00000000152f8000)
 End Bits:   [0x00000000152f8000, 0x0000000017290000)

Polling page: 0x0000000001730000

CodeCache: size=245760Kb used=7146Kb max_used=7146Kb free=238614Kb
 bounds [0x00000000034f0000, 0x0000000003bf0000, 0x00000000124f0000]
 total_blobs=2598 nmethods=2207 adapters=303
 compilation: enabled

Compilation events (10 events):
Event: 1.921 Thread 0x000000001938f800 2207       3       java.util.IdentityHashMap::get (60 bytes)
Event: 1.921 Thread 0x000000001938f800 nmethod 2207 0x0000000003bea250 code [0x0000000003bea400, 0x0000000003bea8a8]
Event: 1.921 Thread 0x000000001938f800 2208       3       org.eclipse.sisu.plexus.LazyPlexusBean::getKey (5 bytes)
Event: 1.921 Thread 0x000000001938f800 nmethod 2208 0x0000000003beaad0 code [0x0000000003beac60, 0x0000000003beb0c8]
Event: 1.921 Thread 0x000000001938f800 2209       3       org.eclipse.sisu.plexus.LazyPlexusBean::getKey (18 bytes)
Event: 1.921 Thread 0x000000001938f800 nmethod 2209 0x0000000003beb250 code [0x0000000003beb3c0, 0x0000000003beb748]
Event: 1.923 Thread 0x000000001938f800 2210       3       com.google.inject.Scopes$2::visitScope (6 bytes)
Event: 1.923 Thread 0x000000001938f800 nmethod 2210 0x0000000003beb850 code [0x0000000003beb9c0, 0x0000000003bebd10]
Event: 1.923 Thread 0x000000001938f800 2211       3       com.google.inject.internal.Scoping$3::acceptVisitor (10 bytes)
Event: 1.923 Thread 0x000000001938f800 nmethod 2211 0x0000000003bebe10 code [0x0000000003bebfa0, 0x0000000003bec310]

GC Heap History (6 events):
Event: 0.607 GC heap before
{Heap before GC invocations=1 (full 0):
 PSYoungGen      total 38400K, used 33280K [0x00000000d5e00000, 0x00000000d8880000, 0x0000000100000000)
  eden space 33280K, 100% used [0x00000000d5e00000,0x00000000d7e80000,0x00000000d7e80000)
  from space 5120K, 0% used [0x00000000d8380000,0x00000000d8380000,0x00000000d8880000)
  to   space 5120K, 0% used [0x00000000d7e80000,0x00000000d7e80000,0x00000000d8380000)
 ParOldGen       total 87552K, used 0K [0x0000000081a00000, 0x0000000086f80000, 0x00000000d5e00000)
  object space 87552K, 0% used [0x0000000081a00000,0x0000000081a00000,0x0000000086f80000)
 Metaspace       used 8192K, capacity 8360K, committed 8576K, reserved 1056768K
  class space    used 1025K, capacity 1084K, committed 1152K, reserved 1048576K
Event: 0.612 GC heap after
Heap after GC invocations=1 (full 0):
 PSYoungGen      total 38400K, used 5104K [0x00000000d5e00000, 0x00000000d8880000, 0x0000000100000000)
  eden space 33280K, 0% used [0x00000000d5e00000,0x00000000d5e00000,0x00000000d7e80000)
  from space 5120K, 99% used [0x00000000d7e80000,0x00000000d837c168,0x00000000d8380000)
  to   space 5120K, 0% used [0x00000000d8380000,0x00000000d8380000,0x00000000d8880000)
 ParOldGen       total 87552K, used 534K [0x0000000081a00000, 0x0000000086f80000, 0x00000000d5e00000)
  object space 87552K, 0% used [0x0000000081a00000,0x0000000081a859b0,0x0000000086f80000)
 Metaspace       used 8192K, capacity 8360K, committed 8576K, reserved 1056768K
  class space    used 1025K, capacity 1084K, committed 1152K, reserved 1048576K
}
Event: 1.051 GC heap before
{Heap before GC invocations=2 (full 0):
 PSYoungGen      total 38400K, used 38384K [0x00000000d5e00000, 0x00000000d8880000, 0x0000000100000000)
  eden space 33280K, 100% used [0x00000000d5e00000,0x00000000d7e80000,0x00000000d7e80000)
  from space 5120K, 99% used [0x00000000d7e80000,0x00000000d837c168,0x00000000d8380000)
  to   space 5120K, 0% used [0x00000000d8380000,0x00000000d8380000,0x00000000d8880000)
 ParOldGen       total 87552K, used 534K [0x0000000081a00000, 0x0000000086f80000, 0x00000000d5e00000)
  object space 87552K, 0% used [0x0000000081a00000,0x0000000081a859b0,0x0000000086f80000)
 Metaspace       used 12927K, capacity 13132K, committed 13312K, reserved 1060864K
  class space    used 1639K, capacity 1708K, committed 1792K, reserved 1048576K
Event: 1.058 GC heap after
Heap after GC invocations=2 (full 0):
 PSYoungGen      total 38400K, used 5104K [0x00000000d5e00000, 0x00000000da900000, 0x0000000100000000)
  eden space 33280K, 0% used [0x00000000d5e00000,0x00000000d5e00000,0x00000000d7e80000)
  from space 5120K, 99% used [0x00000000d8380000,0x00000000d887c100,0x00000000d8880000)
  to   space 5120K, 0% used [0x00000000d7e80000,0x00000000d7e80000,0x00000000d8380000)
 ParOldGen       total 87552K, used 3613K [0x0000000081a00000, 0x0000000086f80000, 0x00000000d5e00000)
  object space 87552K, 4% used [0x0000000081a00000,0x0000000081d87408,0x0000000086f80000)
 Metaspace       used 12927K, capacity 13132K, committed 13312K, reserved 1060864K
  class space    used 1639K, capacity 1708K, committed 1792K, reserved 1048576K
}
Event: 1.618 GC heap before
{Heap before GC invocations=3 (full 0):
 PSYoungGen      total 38400K, used 38384K [0x00000000d5e00000, 0x00000000da900000, 0x0000000100000000)
  eden space 33280K, 100% used [0x00000000d5e00000,0x00000000d7e80000,0x00000000d7e80000)
  from space 5120K, 99% used [0x00000000d8380000,0x00000000d887c100,0x00000000d8880000)
  to   space 5120K, 0% used [0x00000000d7e80000,0x00000000d7e80000,0x00000000d8380000)
 ParOldGen       total 87552K, used 3613K [0x0000000081a00000, 0x0000000086f80000, 0x00000000d5e00000)
  object space 87552K, 4% used [0x0000000081a00000,0x0000000081d87408,0x0000000086f80000)
 Metaspace       used 19018K, capacity 19392K, committed 19712K, reserved 1067008K
  class space    used 2353K, capacity 2502K, committed 2560K, reserved 1048576K
Event: 1.627 GC heap after
Heap after GC invocations=3 (full 0):
 PSYoungGen      total 38400K, used 5088K [0x00000000d5e00000, 0x00000000da900000, 0x0000000100000000)
  eden space 33280K, 0% used [0x00000000d5e00000,0x00000000d5e00000,0x00000000d7e80000)
  from space 5120K, 99% used [0x00000000d7e80000,0x00000000d8378030,0x00000000d8380000)
  to   space 5120K, 0% used [0x00000000da400000,0x00000000da400000,0x00000000da900000)
 ParOldGen       total 87552K, used 7577K [0x0000000081a00000, 0x0000000086f80000, 0x00000000d5e00000)
  object space 87552K, 8% used [0x0000000081a00000,0x0000000082166548,0x0000000086f80000)
 Metaspace       used 19018K, capacity 19392K, committed 19712K, reserved 1067008K
  class space    used 2353K, capacity 2502K, committed 2560K, reserved 1048576K
}

Deoptimization events (10 events):
Event: 1.245 Thread 0x00000000033f0800 Uncommon trap: reason=unstable_if action=reinterpret pc=0x0000000003a823a0 method=org.codehaus.plexus.util.xml.pull.MXParser.nextImpl()I @ 1161
Event: 1.250 Thread 0x00000000033f0800 Uncommon trap: reason=unstable_if action=reinterpret pc=0x000000000389effc method=java.util.HashMap.hash(Ljava/lang/Object;)I @ 1
Event: 1.250 Thread 0x00000000033f0800 Uncommon trap: reason=unstable_if action=reinterpret pc=0x000000000379e4e8 method=java.util.HashMap.hash(Ljava/lang/Object;)I @ 1
Event: 1.294 Thread 0x00000000033f0800 Uncommon trap: reason=unstable_if action=reinterpret pc=0x000000000381dac0 method=java.util.HashMap.putVal(ILjava/lang/Object;Ljava/lang/Object;ZZ)Ljava/lang/Object; @ 236
Event: 1.301 Thread 0x00000000033f0800 Uncommon trap: reason=unstable_if action=reinterpret pc=0x0000000003801f7c method=java.lang.CharacterDataLatin1.isWhitespace(I)Z @ 14
Event: 1.336 Thread 0x00000000033f0800 Uncommon trap: reason=unstable_if action=reinterpret pc=0x0000000003790e9c method=java.nio.charset.CharsetDecoder.decode(Ljava/nio/ByteBuffer;Ljava/nio/CharBuffer;Z)Ljava/nio/charset/CoderResult; @ 1
Event: 1.385 Thread 0x00000000033f0800 Uncommon trap: reason=unstable_if action=reinterpret pc=0x0000000003abf25c method=java.lang.CharacterDataLatin1.digit(II)I @ 82
Event: 1.571 Thread 0x00000000033f0800 Uncommon trap: reason=unstable_if action=reinterpret pc=0x0000000003ad3640 method=java.lang.Integer.parseInt(Ljava/lang/String;I)I @ 1
Event: 1.634 Thread 0x00000000033f0800 Uncommon trap: reason=predicate action=maybe_recompile pc=0x00000000037e1148 method=sun.net.www.ParseUtil.encodePath(Ljava/lang/String;Z)Ljava/lang/String; @ 36
Event: 1.665 Thread 0x00000000033f0800 Uncommon trap: reason=unstable_if action=reinterpret pc=0x0000000003ab86f0 method=java.lang.CharacterDataLatin1.digit(II)I @ 60

Internal exceptions (10 events):
Event: 1.424 Thread 0x00000000033f0800 Exception <a 'java/lang/NoSuchFieldError': method resolution failed> (0x00000000d6e20c10) thrown at [C:\re\workspace\8-2-build-windows-amd64-cygwin\jdk8u121\8372\hotspot\src\share\vm\prims\methodHandles.cpp, line 1146]
Event: 1.425 Thread 0x00000000033f0800 Exception <a 'java/lang/NoSuchFieldError': method resolution failed> (0x00000000d6e2ee40) thrown at [C:\re\workspace\8-2-build-windows-amd64-cygwin\jdk8u121\8372\hotspot\src\share\vm\prims\methodHandles.cpp, line 1146]
Event: 1.571 Thread 0x00000000033f0800 Implicit null exception at 0x0000000003ad30ef to 0x0000000003ad362d
Event: 1.675 Thread 0x00000000033f0800 Exception <a 'java/net/SocketTimeoutException': Read timed out> (0x00000000d5f85000) thrown at [C:\re\workspace\8-2-build-windows-amd64-cygwin\jdk8u121\8372\hotspot\src\share\vm\prims\jni.cpp, line 735]
Event: 1.742 Thread 0x00000000033f0800 Exception <a 'java/net/SocketTimeoutException': Read timed out> (0x00000000d6008ce8) thrown at [C:\re\workspace\8-2-build-windows-amd64-cygwin\jdk8u121\8372\hotspot\src\share\vm\prims\jni.cpp, line 735]
Event: 1.759 Thread 0x00000000033f0800 Exception <a 'java/net/SocketTimeoutException': Read timed out> (0x00000000d6012e70) thrown at [C:\re\workspace\8-2-build-windows-amd64-cygwin\jdk8u121\8372\hotspot\src\share\vm\prims\jni.cpp, line 735]
Event: 1.800 Thread 0x00000000033f0800 Exception <a 'java/net/SocketTimeoutException': Read timed out> (0x00000000d60c0db8) thrown at [C:\re\workspace\8-2-build-windows-amd64-cygwin\jdk8u121\8372\hotspot\src\share\vm\prims\jni.cpp, line 735]
Event: 1.823 Thread 0x00000000033f0800 Exception <a 'java/net/SocketTimeoutException': Read timed out> (0x00000000d60cbaf8) thrown at [C:\re\workspace\8-2-build-windows-amd64-cygwin\jdk8u121\8372\hotspot\src\share\vm\prims\jni.cpp, line 735]
Event: 1.858 Thread 0x00000000033f0800 Exception <a 'java/net/SocketTimeoutException': Read timed out> (0x00000000d6142050) thrown at [C:\re\workspace\8-2-build-windows-amd64-cygwin\jdk8u121\8372\hotspot\src\share\vm\prims\jni.cpp, line 735]
Event: 1.880 Thread 0x00000000033f0800 Exception <a 'java/net/SocketTimeoutException': Read timed out> (0x00000000d614c258) thrown at [C:\re\workspace\8-2-build-windows-amd64-cygwin\jdk8u121\8372\hotspot\src\share\vm\prims\jni.cpp, line 735]

Events (10 events):
Event: 1.781 Thread 0x00000000033f0800 DEOPT PACKING pc=0x0000000003a54d9b sp=0x000000000334d0c0
Event: 1.781 Thread 0x00000000033f0800 DEOPT UNPACKING pc=0x000000000353787f sp=0x000000000334cec0 mode 0
Event: 1.844 Thread 0x00000000033f0800 DEOPT PACKING pc=0x0000000003a54ec3 sp=0x000000000334d0c0
Event: 1.844 Thread 0x00000000033f0800 DEOPT UNPACKING pc=0x000000000353787f sp=0x000000000334cec0 mode 0
Event: 1.845 Thread 0x00000000033f0800 DEOPT PACKING pc=0x0000000003a54ec3 sp=0x000000000334cf90
Event: 1.845 Thread 0x00000000033f0800 DEOPT UNPACKING pc=0x000000000353787f sp=0x000000000334cd90 mode 0
Event: 1.846 Thread 0x00000000033f0800 DEOPT PACKING pc=0x0000000003a54d9b sp=0x000000000334d040
Event: 1.846 Thread 0x00000000033f0800 DEOPT UNPACKING pc=0x000000000353787f sp=0x000000000334ce40 mode 0
Event: 1.908 Thread 0x00000000033f0800 DEOPT PACKING pc=0x0000000003a54d9b sp=0x000000000334d0c0
Event: 1.908 Thread 0x00000000033f0800 DEOPT UNPACKING pc=0x000000000353787f sp=0x000000000334cec0 mode 0


Dynamic libraries:
0x00007ff6e0f90000 - 0x00007ff6e0fc7000 	C:\jdk1.8.0_121\bin\java.exe
0x00007ff97b290000 - 0x00007ff97b461000 	C:\WINDOWS\SYSTEM32\ntdll.dll
0x00007ff97ad20000 - 0x00007ff97adcb000 	C:\WINDOWS\System32\KERNEL32.DLL
0x00007ff978570000 - 0x00007ff97878d000 	C:\WINDOWS\System32\KERNELBASE.dll
0x00007ff97aed0000 - 0x00007ff97af72000 	C:\WINDOWS\System32\ADVAPI32.dll
0x00007ff97ae30000 - 0x00007ff97aece000 	C:\WINDOWS\System32\msvcrt.dll
0x00007ff9789f0000 - 0x00007ff978a49000 	C:\WINDOWS\System32\sechost.dll
0x00007ff978bd0000 - 0x00007ff978cf1000 	C:\WINDOWS\System32\RPCRT4.dll
0x00007ff97aa40000 - 0x00007ff97aba5000 	C:\WINDOWS\System32\USER32.dll
0x00007ff978360000 - 0x00007ff97837e000 	C:\WINDOWS\System32\win32u.dll
0x00007ff9789b0000 - 0x00007ff9789e4000 	C:\WINDOWS\System32\GDI32.dll
0x00007ff9783e0000 - 0x00007ff978562000 	C:\WINDOWS\System32\gdi32full.dll
0x00007ff96cb00000 - 0x00007ff96cd79000 	C:\WINDOWS\WinSxS\amd64_microsoft.windows.common-controls_6595b64144ccf1df_6.0.14393.0_none_2d0f50fcbdb171b8\COMCTL32.dll
0x00007ff97afa0000 - 0x00007ff97b267000 	C:\WINDOWS\System32\combase.dll
0x00007ff977800000 - 0x00007ff9778f5000 	C:\WINDOWS\System32\ucrtbase.dll
0x00007ff978790000 - 0x00007ff9787fa000 	C:\WINDOWS\System32\bcryptPrimitives.dll
0x00007ff97a280000 - 0x00007ff97a2ae000 	C:\WINDOWS\System32\IMM32.DLL
0x0000000054660000 - 0x0000000054732000 	C:\jdk1.8.0_121\jre\bin\msvcr100.dll
0x0000000053dc0000 - 0x000000005465b000 	C:\jdk1.8.0_121\jre\bin\server\jvm.dll
0x00007ff97ac10000 - 0x00007ff97ac18000 	C:\WINDOWS\System32\PSAPI.DLL
0x00007ff975b60000 - 0x00007ff975b83000 	C:\WINDOWS\SYSTEM32\WINMM.dll
0x00007ff9679b0000 - 0x00007ff9679ba000 	C:\WINDOWS\SYSTEM32\VERSION.dll
0x00007ff96fd30000 - 0x00007ff96fd39000 	C:\WINDOWS\SYSTEM32\WSOCK32.dll
0x00007ff978a50000 - 0x00007ff978aba000 	C:\WINDOWS\System32\WS2_32.dll
0x00007ff975b00000 - 0x00007ff975b2b000 	C:\WINDOWS\SYSTEM32\WINMMBASE.dll
0x00007ff978260000 - 0x00007ff9782a2000 	C:\WINDOWS\System32\cfgmgr32.dll
0x0000000053db0000 - 0x0000000053dbf000 	C:\jdk1.8.0_121\jre\bin\verify.dll
0x0000000053d80000 - 0x0000000053da9000 	C:\jdk1.8.0_121\jre\bin\java.dll
0x0000000053d60000 - 0x0000000053d76000 	C:\jdk1.8.0_121\jre\bin\zip.dll
0x00007ff978d00000 - 0x00007ff97a208000 	C:\WINDOWS\System32\SHELL32.dll
0x00007ff977900000 - 0x00007ff977fda000 	C:\WINDOWS\System32\windows.storage.dll
0x00007ff9777a0000 - 0x00007ff9777ec000 	C:\WINDOWS\System32\powrprof.dll
0x00007ff97abb0000 - 0x00007ff97ac02000 	C:\WINDOWS\System32\shlwapi.dll
0x00007ff9777f0000 - 0x00007ff9777ff000 	C:\WINDOWS\System32\kernel.appcore.dll
0x00007ff9782b0000 - 0x00007ff978359000 	C:\WINDOWS\System32\shcore.dll
0x00007ff977770000 - 0x00007ff977784000 	C:\WINDOWS\System32\profapi.dll
0x0000000053d40000 - 0x0000000053d5a000 	C:\jdk1.8.0_121\jre\bin\net.dll
0x00007ff977040000 - 0x00007ff97709c000 	C:\WINDOWS\system32\mswsock.dll
0x0000000053d20000 - 0x0000000053d31000 	C:\jdk1.8.0_121\jre\bin\nio.dll
0x0000000053c80000 - 0x0000000053ca4000 	C:\jdk1.8.0_121\jre\bin\sunec.dll
0x00007ff976dd0000 - 0x00007ff976e08000 	C:\WINDOWS\SYSTEM32\IPHLPAPI.DLL
0x00007ff978bc0000 - 0x00007ff978bc8000 	C:\WINDOWS\System32\NSI.dll
0x00007ff973720000 - 0x00007ff973736000 	C:\WINDOWS\SYSTEM32\dhcpcsvc6.DLL
0x00007ff973700000 - 0x00007ff97371a000 	C:\WINDOWS\SYSTEM32\dhcpcsvc.DLL
0x00007ff9771e0000 - 0x00007ff9771f7000 	C:\WINDOWS\SYSTEM32\CRYPTSP.dll
0x00007ff976c60000 - 0x00007ff976c93000 	C:\WINDOWS\system32\rsaenh.dll
0x00007ff9776b0000 - 0x00007ff9776db000 	C:\WINDOWS\SYSTEM32\bcrypt.dll
0x00007ff976ec0000 - 0x00007ff976edf000 	C:\WINDOWS\SYSTEM32\USERENV.dll
0x00007ff977200000 - 0x00007ff97720b000 	C:\WINDOWS\SYSTEM32\CRYPTBASE.dll

VM Arguments:
jvm_args: -Dclassworlds.conf=C:\apache-maven-3.3.9\bin\..\bin\m2.conf -Dmaven.home=C:\apache-maven-3.3.9\bin\.. -Dmaven.multiModuleProjectDirectory=D:\work\demo\alink-hq 
java_command: org.codehaus.plexus.classworlds.launcher.Launcher clean package
java_class_path (initial): C:\apache-maven-3.3.9\bin\..\boot\plexus-classworlds-2.5.2.jar
Launcher Type: SUN_STANDARD

Environment Variables:
JAVA_HOME=C:\jdk1.8.0_121
CLASSPATH=C:\jdk1.8.0_121\lib
PATH=C:\WINDOWS\system32;C:\WINDOWS;C:\WINDOWS\System32\Wbem;C:\WINDOWS\System32\WindowsPowerShell\v1.0\;C:\jdk1.8.0_121\bin;\jdk1.8.0_121\jre;C:\apache-maven-3.3.9\bin;C:\apache-maven-3.3.9\bin;C:\Program Files\Git\cmd;C:\Users\qian.chen\AppData\Local\Microsoft\WindowsApps;;C:\Users\qian.chen\AppData\Local\Programs\Microsoft VS Code\bin
USERNAME=qian.chen
OS=Windows_NT
PROCESSOR_IDENTIFIER=Intel64 Family 6 Model 60 Stepping 3, GenuineIntel



---------------  S Y S T E M  ---------------

OS: Windows 10.0 , 64 bit Build 14393 (10.0.14393.0)

CPU:total 4 (4 cores per cpu, 1 threads per core) family 6 model 60 stepping 3, cmov, cx8, fxsr, mmx, sse, sse2, sse3, ssse3, sse4.1, sse4.2, popcnt, avx, avx2, aes, clmul, erms, lzcnt, tsc, tscinvbit, bmi1, bmi2

Memory: 4k page, physical 8281588k(2271660k free), swap 10378740k(5824k free)

vm_info: Java HotSpot(TM) 64-Bit Server VM (25.121-b13) for windows-amd64 JRE (1.8.0_121-b13), built on Dec 12 2016 18:21:36 by "java_re" with MS VC++ 10.0 (VS2010)

time: Thu Apr 18 16:59:27 2019
elapsed time: 1 seconds (0d 0h 0m 1s)

